<?xml version="1.0" encoding="UTF-8"?>
<testng-results skipped="0" failed="0" total="1" passed="1">
  <reporter-output>
  </reporter-output>
  <suite name="Default suite" duration-ms="8017" started-at="2017-02-01T15:45:54Z" finished-at="2017-02-01T15:46:02Z">
    <groups>
    </groups>
    <test name="Default test" duration-ms="8017" started-at="2017-02-01T15:45:54Z" finished-at="2017-02-01T15:46:02Z">
      <class name="com.parishta.BestHypnoAutomation.RegTest">
        <test-method status="PASS" signature="test()[pri:0, instance:com.parishta.BestHypnoAutomation.RegTest@68be2bc2]" name="test" duration-ms="7988" started-at="2017-02-01T10:45:54Z" finished-at="2017-02-01T10:46:02Z">
          <reporter-output>
          </reporter-output>
        </test-method> <!-- test -->
      </class> <!-- com.parishta.BestHypnoAutomation.RegTest -->
    </test> <!-- Default test -->
  </suite> <!-- Default suite -->
</testng-results>
